<?xml version="1.0" encoding="UTF-8"?>
<testsuite name="TestRunner" tests="1" skipped="0" failures="0" errors="0" timestamp="2021-10-12T13:09:38" hostname="DESKTOP-MMKNC8O" time="0.341">
  <properties/>
  <testcase name="sumTest()" classname="TestRunner" time="0.341"/>
  <system-out><![CDATA[]]></system-out>
  <system-err><![CDATA[]]></system-err>
</testsuite>
